<?xml version="1.0" encoding="UTF-8"?>
<!-- Generated by org.testng.reporters.JUnitReportReporter -->
<testsuite name="Chrome.firsttestng" tests="1" time="18.257" ignored="0" failures="0" timestamp="04 Feb 2017 15:53:45 GMT" skipped="0" hostname="Harsh-PC" errors="0">
  <testcase name="login" time="18.257" classname="Chrome.firsttestng"/>
</testsuite> <!-- Chrome.firsttestng -->
