<?xml version="1.0" encoding="UTF-8"?>
<!-- Generated by org.testng.reporters.JUnitReportReporter -->
<testsuite name="Firefox.testng" tests="1" time="0.037" ignored="0" failures="0" timestamp="06 Feb 2017 17:51:17 GMT" skipped="0" hostname="Harsh-PC" errors="0">
  <testcase name="validateInvalidLinks" time="0.037" classname="Firefox.testng"/>
</testsuite> <!-- Firefox.testng -->
