<?xml version="1.0" encoding="UTF-8"?>
<!-- Generated by org.testng.reporters.JUnitReportReporter -->
<testsuite name="Chrome.testnglinkcount" tests="1" time="8.096" ignored="0" failures="0" timestamp="04 Feb 2017 16:47:29 GMT" skipped="0" hostname="Harsh-PC" errors="0">
  <testcase name="linkcount" time="8.096" classname="Chrome.testnglinkcount"/>
</testsuite> <!-- Chrome.testnglinkcount -->
