<?xml version="1.0" encoding="UTF-8"?>
<!-- Generated by org.testng.reporters.JUnitReportReporter -->
<testsuite name="PageValidator.LinkStatus" tests="1" time="103.381" ignored="0" failures="0" timestamp="30 Jul 2017 16:58:02 GMT" skipped="0" hostname="Harsh-PC" errors="0">
  <testcase name="Linkstatus" time="103.381" classname="PageValidator.LinkStatus"/>
</testsuite> <!-- PageValidator.LinkStatus -->
