<?xml version="1.0" encoding="UTF-8"?>
<!-- Generated by org.testng.reporters.JUnitReportReporter -->
<testsuite name="PageValidator.DuplicateId" tests="1" time="247.049" ignored="0" failures="0" timestamp="03 Nov 2017 02:09:29 GMT" skipped="0" hostname="Harsh-PC" errors="0">
  <testcase name="duplicateId" time="247.049" classname="PageValidator.DuplicateId"/>
</testsuite> <!-- PageValidator.DuplicateId -->
