<?xml version="1.0" encoding="UTF-8"?>
<!-- Generated by org.testng.reporters.JUnitReportReporter -->
<testsuite name="FisrtSuite.DetailedLinkReport" tests="1" time="64.991" ignored="0" failures="0" timestamp="04 Jun 2017 15:33:12 GMT" skipped="0" hostname="Harsh-PC" errors="0">
  <testcase name="Detailed" time="64.991" classname="FisrtSuite.DetailedLinkReport"/>
</testsuite> <!-- FisrtSuite.DetailedLinkReport -->
